<?xml version="1.0" encoding="UTF-8"?>
<testsuite xmlns:xsi="http://www.w3.org/2001/XMLSchema-instance" xsi:noNamespaceSchemaLocation="https://maven.apache.org/surefire/maven-surefire-plugin/xsd/surefire-test-report-3.0.xsd" version="3.0" name="TestSuite" time="90.376" tests="2" errors="0" skipped="0" failures="0">
  <properties>
    <property name="gopherProxySet" value="false"/>
    <property name="awt.toolkit" value="sun.lwawt.macosx.LWCToolkit"/>
    <property name="file.encoding.pkg" value="sun.io"/>
    <property name="java.specification.version" value="1.8"/>
    <property name="webdriver.chrome.driver" value="/Users/mounikabodicherla/.cache/selenium/chromedriver/mac64/99.0.4844.51/chromedriver"/>
    <property name="sun.cpu.isalist" value=""/>
    <property name="sun.jnu.encoding" value="UTF-8"/>
    <property name="java.class.path" value="/Users/mounikabodicherla/Documents/workspace/TourRadar/target/test-classes:/Users/mounikabodicherla/Documents/workspace/TourRadar/target/classes:/Users/mounikabodicherla/.m2/repository/org/seleniumhq/selenium/selenium-java/3.14.0/selenium-java-3.14.0.jar:/Users/mounikabodicherla/.m2/repository/org/seleniumhq/selenium/selenium-api/3.14.0/selenium-api-3.14.0.jar:/Users/mounikabodicherla/.m2/repository/org/seleniumhq/selenium/selenium-chrome-driver/3.14.0/selenium-chrome-driver-3.14.0.jar:/Users/mounikabodicherla/.m2/repository/org/seleniumhq/selenium/selenium-edge-driver/3.14.0/selenium-edge-driver-3.14.0.jar:/Users/mounikabodicherla/.m2/repository/org/seleniumhq/selenium/selenium-firefox-driver/3.14.0/selenium-firefox-driver-3.14.0.jar:/Users/mounikabodicherla/.m2/repository/org/seleniumhq/selenium/selenium-ie-driver/3.14.0/selenium-ie-driver-3.14.0.jar:/Users/mounikabodicherla/.m2/repository/org/seleniumhq/selenium/selenium-opera-driver/3.14.0/selenium-opera-driver-3.14.0.jar:/Users/mounikabodicherla/.m2/repository/org/seleniumhq/selenium/selenium-remote-driver/3.14.0/selenium-remote-driver-3.14.0.jar:/Users/mounikabodicherla/.m2/repository/org/seleniumhq/selenium/selenium-safari-driver/3.14.0/selenium-safari-driver-3.14.0.jar:/Users/mounikabodicherla/.m2/repository/org/seleniumhq/selenium/selenium-support/3.14.0/selenium-support-3.14.0.jar:/Users/mounikabodicherla/.m2/repository/net/bytebuddy/byte-buddy/1.8.15/byte-buddy-1.8.15.jar:/Users/mounikabodicherla/.m2/repository/org/apache/commons/commons-exec/1.3/commons-exec-1.3.jar:/Users/mounikabodicherla/.m2/repository/commons-codec/commons-codec/1.10/commons-codec-1.10.jar:/Users/mounikabodicherla/.m2/repository/commons-logging/commons-logging/1.2/commons-logging-1.2.jar:/Users/mounikabodicherla/.m2/repository/com/google/guava/guava/25.0-jre/guava-25.0-jre.jar:/Users/mounikabodicherla/.m2/repository/com/google/code/findbugs/jsr305/1.3.9/jsr305-1.3.9.jar:/Users/mounikabodicherla/.m2/repository/org/checkerframework/checker-compat-qual/2.0.0/checker-compat-qual-2.0.0.jar:/Users/mounikabodicherla/.m2/repository/com/google/errorprone/error_prone_annotations/2.1.3/error_prone_annotations-2.1.3.jar:/Users/mounikabodicherla/.m2/repository/com/google/j2objc/j2objc-annotations/1.1/j2objc-annotations-1.1.jar:/Users/mounikabodicherla/.m2/repository/org/codehaus/mojo/animal-sniffer-annotations/1.14/animal-sniffer-annotations-1.14.jar:/Users/mounikabodicherla/.m2/repository/org/apache/httpcomponents/httpclient/4.5.5/httpclient-4.5.5.jar:/Users/mounikabodicherla/.m2/repository/org/apache/httpcomponents/httpcore/4.4.9/httpcore-4.4.9.jar:/Users/mounikabodicherla/.m2/repository/com/squareup/okhttp3/okhttp/3.10.0/okhttp-3.10.0.jar:/Users/mounikabodicherla/.m2/repository/com/squareup/okio/okio/1.14.1/okio-1.14.1.jar:/Users/mounikabodicherla/.m2/repository/org/testng/testng/7.4.0/testng-7.4.0.jar:/Users/mounikabodicherla/.m2/repository/com/beust/jcommander/1.78/jcommander-1.78.jar:/Users/mounikabodicherla/.m2/repository/org/webjars/jquery/3.5.1/jquery-3.5.1.jar:/Users/mounikabodicherla/.m2/repository/com/aventstack/extentreports/4.0.0/extentreports-4.0.0.jar:/Users/mounikabodicherla/.m2/repository/org/freemarker/freemarker/2.3.23/freemarker-2.3.23.jar:/Users/mounikabodicherla/.m2/repository/org/mongodb/mongodb-driver/3.3.0/mongodb-driver-3.3.0.jar:/Users/mounikabodicherla/.m2/repository/org/mongodb/mongodb-driver-core/3.3.0/mongodb-driver-core-3.3.0.jar:/Users/mounikabodicherla/.m2/repository/org/mongodb/bson/3.3.0/bson-3.3.0.jar:/Users/mounikabodicherla/.m2/repository/org/apache/httpcomponents/httpmime/4.5.2/httpmime-4.5.2.jar:/Users/mounikabodicherla/.m2/repository/com/google/code/gson/gson/2.8.5/gson-2.8.5.jar:/Users/mounikabodicherla/.m2/repository/junit/junit/3.8.1/junit-3.8.1.jar:/Users/mounikabodicherla/.m2/repository/org/slf4j/slf4j-simple/1.7.32/slf4j-simple-1.7.32.jar:/Users/mounikabodicherla/.m2/repository/org/slf4j/slf4j-api/1.7.32/slf4j-api-1.7.32.jar:/Users/mounikabodicherla/.m2/repository/org/apache/commons/commons-lang3/3.12.0/commons-lang3-3.12.0.jar:/Users/mounikabodicherla/.m2/repository/commons-io/commons-io/2.11.0/commons-io-2.11.0.jar:/Users/mounikabodicherla/.m2/repository/commons-validator/commons-validator/1.7/commons-validator-1.7.jar:/Users/mounikabodicherla/.m2/repository/commons-beanutils/commons-beanutils/1.9.4/commons-beanutils-1.9.4.jar:/Users/mounikabodicherla/.m2/repository/commons-digester/commons-digester/2.1/commons-digester-2.1.jar:/Users/mounikabodicherla/.m2/repository/commons-collections/commons-collections/3.2.2/commons-collections-3.2.2.jar:/Users/mounikabodicherla/.m2/repository/io/github/bonigarcia/webdrivermanager/5.0.3/webdrivermanager-5.0.3.jar:/Users/mounikabodicherla/.m2/repository/org/jsoup/jsoup/1.14.2/jsoup-1.14.2.jar:/Users/mounikabodicherla/.m2/repository/com/github/docker-java/docker-java/3.2.12/docker-java-3.2.12.jar:/Users/mounikabodicherla/.m2/repository/com/github/docker-java/docker-java-core/3.2.12/docker-java-core-3.2.12.jar:/Users/mounikabodicherla/.m2/repository/com/github/docker-java/docker-java-api/3.2.12/docker-java-api-3.2.12.jar:/Users/mounikabodicherla/.m2/repository/com/fasterxml/jackson/core/jackson-annotations/2.10.3/jackson-annotations-2.10.3.jar:/Users/mounikabodicherla/.m2/repository/org/apache/commons/commons-compress/1.21/commons-compress-1.21.jar:/Users/mounikabodicherla/.m2/repository/commons-lang/commons-lang/2.6/commons-lang-2.6.jar:/Users/mounikabodicherla/.m2/repository/com/fasterxml/jackson/core/jackson-databind/2.10.3/jackson-databind-2.10.3.jar:/Users/mounikabodicherla/.m2/repository/com/fasterxml/jackson/core/jackson-core/2.10.3/jackson-core-2.10.3.jar:/Users/mounikabodicherla/.m2/repository/org/bouncycastle/bcpkix-jdk15on/1.64/bcpkix-jdk15on-1.64.jar:/Users/mounikabodicherla/.m2/repository/org/bouncycastle/bcprov-jdk15on/1.64/bcprov-jdk15on-1.64.jar:/Users/mounikabodicherla/.m2/repository/org/slf4j/jcl-over-slf4j/1.7.30/jcl-over-slf4j-1.7.30.jar:/Users/mounikabodicherla/.m2/repository/com/github/docker-java/docker-java-transport-httpclient5/3.2.12/docker-java-transport-httpclient5-3.2.12.jar:/Users/mounikabodicherla/.m2/repository/com/github/docker-java/docker-java-transport/3.2.12/docker-java-transport-3.2.12.jar:/Users/mounikabodicherla/.m2/repository/org/apache/httpcomponents/client5/httpclient5/5.0.3/httpclient5-5.0.3.jar:/Users/mounikabodicherla/.m2/repository/org/apache/httpcomponents/core5/httpcore5/5.0.2/httpcore5-5.0.2.jar:/Users/mounikabodicherla/.m2/repository/net/java/dev/jna/jna/5.8.0/jna-5.8.0.jar:/Users/mounikabodicherla/.m2/repository/org/brotli/dec/0.1.2/dec-0.1.2.jar:"/>
    <property name="java.vm.vendor" value="Oracle Corporation"/>
    <property name="sun.arch.data.model" value="64"/>
    <property name="java.vendor.url" value="http://java.oracle.com/"/>
    <property name="user.timezone" value="Asia/Kolkata"/>
    <property name="java.vm.specification.version" value="1.8"/>
    <property name="os.name" value="Mac OS X"/>
    <property name="user.country" value="IN"/>
    <property name="sun.java.launcher" value="SUN_STANDARD"/>
    <property name="sun.boot.library.path" value="/Library/Java/JavaVirtualMachines/jdk1.8.0_311.jdk/Contents/Home/jre/lib"/>
    <property name="sun.java.command" value="/Users/mounikabodicherla/Documents/workspace/TourRadar/target/surefire/surefirebooter2642465607865370873.jar /Users/mounikabodicherla/Documents/workspace/TourRadar/target/surefire 2022-04-04T08-02-36_059-jvmRun1 surefire4519199265447410471tmp surefire_03648050208726639896tmp"/>
    <property name="http.nonProxyHosts" value="local|*.local|169.254/16|*.169.254/16"/>
    <property name="surefire.test.class.path" value="/Users/mounikabodicherla/Documents/workspace/TourRadar/target/test-classes:/Users/mounikabodicherla/Documents/workspace/TourRadar/target/classes:/Users/mounikabodicherla/.m2/repository/org/seleniumhq/selenium/selenium-java/3.14.0/selenium-java-3.14.0.jar:/Users/mounikabodicherla/.m2/repository/org/seleniumhq/selenium/selenium-api/3.14.0/selenium-api-3.14.0.jar:/Users/mounikabodicherla/.m2/repository/org/seleniumhq/selenium/selenium-chrome-driver/3.14.0/selenium-chrome-driver-3.14.0.jar:/Users/mounikabodicherla/.m2/repository/org/seleniumhq/selenium/selenium-edge-driver/3.14.0/selenium-edge-driver-3.14.0.jar:/Users/mounikabodicherla/.m2/repository/org/seleniumhq/selenium/selenium-firefox-driver/3.14.0/selenium-firefox-driver-3.14.0.jar:/Users/mounikabodicherla/.m2/repository/org/seleniumhq/selenium/selenium-ie-driver/3.14.0/selenium-ie-driver-3.14.0.jar:/Users/mounikabodicherla/.m2/repository/org/seleniumhq/selenium/selenium-opera-driver/3.14.0/selenium-opera-driver-3.14.0.jar:/Users/mounikabodicherla/.m2/repository/org/seleniumhq/selenium/selenium-remote-driver/3.14.0/selenium-remote-driver-3.14.0.jar:/Users/mounikabodicherla/.m2/repository/org/seleniumhq/selenium/selenium-safari-driver/3.14.0/selenium-safari-driver-3.14.0.jar:/Users/mounikabodicherla/.m2/repository/org/seleniumhq/selenium/selenium-support/3.14.0/selenium-support-3.14.0.jar:/Users/mounikabodicherla/.m2/repository/net/bytebuddy/byte-buddy/1.8.15/byte-buddy-1.8.15.jar:/Users/mounikabodicherla/.m2/repository/org/apache/commons/commons-exec/1.3/commons-exec-1.3.jar:/Users/mounikabodicherla/.m2/repository/commons-codec/commons-codec/1.10/commons-codec-1.10.jar:/Users/mounikabodicherla/.m2/repository/commons-logging/commons-logging/1.2/commons-logging-1.2.jar:/Users/mounikabodicherla/.m2/repository/com/google/guava/guava/25.0-jre/guava-25.0-jre.jar:/Users/mounikabodicherla/.m2/repository/com/google/code/findbugs/jsr305/1.3.9/jsr305-1.3.9.jar:/Users/mounikabodicherla/.m2/repository/org/checkerframework/checker-compat-qual/2.0.0/checker-compat-qual-2.0.0.jar:/Users/mounikabodicherla/.m2/repository/com/google/errorprone/error_prone_annotations/2.1.3/error_prone_annotations-2.1.3.jar:/Users/mounikabodicherla/.m2/repository/com/google/j2objc/j2objc-annotations/1.1/j2objc-annotations-1.1.jar:/Users/mounikabodicherla/.m2/repository/org/codehaus/mojo/animal-sniffer-annotations/1.14/animal-sniffer-annotations-1.14.jar:/Users/mounikabodicherla/.m2/repository/org/apache/httpcomponents/httpclient/4.5.5/httpclient-4.5.5.jar:/Users/mounikabodicherla/.m2/repository/org/apache/httpcomponents/httpcore/4.4.9/httpcore-4.4.9.jar:/Users/mounikabodicherla/.m2/repository/com/squareup/okhttp3/okhttp/3.10.0/okhttp-3.10.0.jar:/Users/mounikabodicherla/.m2/repository/com/squareup/okio/okio/1.14.1/okio-1.14.1.jar:/Users/mounikabodicherla/.m2/repository/org/testng/testng/7.4.0/testng-7.4.0.jar:/Users/mounikabodicherla/.m2/repository/com/beust/jcommander/1.78/jcommander-1.78.jar:/Users/mounikabodicherla/.m2/repository/org/webjars/jquery/3.5.1/jquery-3.5.1.jar:/Users/mounikabodicherla/.m2/repository/com/aventstack/extentreports/4.0.0/extentreports-4.0.0.jar:/Users/mounikabodicherla/.m2/repository/org/freemarker/freemarker/2.3.23/freemarker-2.3.23.jar:/Users/mounikabodicherla/.m2/repository/org/mongodb/mongodb-driver/3.3.0/mongodb-driver-3.3.0.jar:/Users/mounikabodicherla/.m2/repository/org/mongodb/mongodb-driver-core/3.3.0/mongodb-driver-core-3.3.0.jar:/Users/mounikabodicherla/.m2/repository/org/mongodb/bson/3.3.0/bson-3.3.0.jar:/Users/mounikabodicherla/.m2/repository/org/apache/httpcomponents/httpmime/4.5.2/httpmime-4.5.2.jar:/Users/mounikabodicherla/.m2/repository/com/google/code/gson/gson/2.8.5/gson-2.8.5.jar:/Users/mounikabodicherla/.m2/repository/junit/junit/3.8.1/junit-3.8.1.jar:/Users/mounikabodicherla/.m2/repository/org/slf4j/slf4j-simple/1.7.32/slf4j-simple-1.7.32.jar:/Users/mounikabodicherla/.m2/repository/org/slf4j/slf4j-api/1.7.32/slf4j-api-1.7.32.jar:/Users/mounikabodicherla/.m2/repository/org/apache/commons/commons-lang3/3.12.0/commons-lang3-3.12.0.jar:/Users/mounikabodicherla/.m2/repository/commons-io/commons-io/2.11.0/commons-io-2.11.0.jar:/Users/mounikabodicherla/.m2/repository/commons-validator/commons-validator/1.7/commons-validator-1.7.jar:/Users/mounikabodicherla/.m2/repository/commons-beanutils/commons-beanutils/1.9.4/commons-beanutils-1.9.4.jar:/Users/mounikabodicherla/.m2/repository/commons-digester/commons-digester/2.1/commons-digester-2.1.jar:/Users/mounikabodicherla/.m2/repository/commons-collections/commons-collections/3.2.2/commons-collections-3.2.2.jar:/Users/mounikabodicherla/.m2/repository/io/github/bonigarcia/webdrivermanager/5.0.3/webdrivermanager-5.0.3.jar:/Users/mounikabodicherla/.m2/repository/org/jsoup/jsoup/1.14.2/jsoup-1.14.2.jar:/Users/mounikabodicherla/.m2/repository/com/github/docker-java/docker-java/3.2.12/docker-java-3.2.12.jar:/Users/mounikabodicherla/.m2/repository/com/github/docker-java/docker-java-core/3.2.12/docker-java-core-3.2.12.jar:/Users/mounikabodicherla/.m2/repository/com/github/docker-java/docker-java-api/3.2.12/docker-java-api-3.2.12.jar:/Users/mounikabodicherla/.m2/repository/com/fasterxml/jackson/core/jackson-annotations/2.10.3/jackson-annotations-2.10.3.jar:/Users/mounikabodicherla/.m2/repository/org/apache/commons/commons-compress/1.21/commons-compress-1.21.jar:/Users/mounikabodicherla/.m2/repository/commons-lang/commons-lang/2.6/commons-lang-2.6.jar:/Users/mounikabodicherla/.m2/repository/com/fasterxml/jackson/core/jackson-databind/2.10.3/jackson-databind-2.10.3.jar:/Users/mounikabodicherla/.m2/repository/com/fasterxml/jackson/core/jackson-core/2.10.3/jackson-core-2.10.3.jar:/Users/mounikabodicherla/.m2/repository/org/bouncycastle/bcpkix-jdk15on/1.64/bcpkix-jdk15on-1.64.jar:/Users/mounikabodicherla/.m2/repository/org/bouncycastle/bcprov-jdk15on/1.64/bcprov-jdk15on-1.64.jar:/Users/mounikabodicherla/.m2/repository/org/slf4j/jcl-over-slf4j/1.7.30/jcl-over-slf4j-1.7.30.jar:/Users/mounikabodicherla/.m2/repository/com/github/docker-java/docker-java-transport-httpclient5/3.2.12/docker-java-transport-httpclient5-3.2.12.jar:/Users/mounikabodicherla/.m2/repository/com/github/docker-java/docker-java-transport/3.2.12/docker-java-transport-3.2.12.jar:/Users/mounikabodicherla/.m2/repository/org/apache/httpcomponents/client5/httpclient5/5.0.3/httpclient5-5.0.3.jar:/Users/mounikabodicherla/.m2/repository/org/apache/httpcomponents/core5/httpcore5/5.0.2/httpcore5-5.0.2.jar:/Users/mounikabodicherla/.m2/repository/net/java/dev/jna/jna/5.8.0/jna-5.8.0.jar:/Users/mounikabodicherla/.m2/repository/org/brotli/dec/0.1.2/dec-0.1.2.jar:"/>
    <property name="sun.cpu.endian" value="little"/>
    <property name="user.home" value="/Users/mounikabodicherla"/>
    <property name="user.language" value="en"/>
    <property name="java.specification.vendor" value="Oracle Corporation"/>
    <property name="java.home" value="/Library/Java/JavaVirtualMachines/jdk1.8.0_311.jdk/Contents/Home/jre"/>
    <property name="basedir" value="/Users/mounikabodicherla/Documents/workspace/TourRadar"/>
    <property name="file.separator" value="/"/>
    <property name="line.separator" value="&#10;"/>
    <property name="java.vm.specification.vendor" value="Oracle Corporation"/>
    <property name="java.specification.name" value="Java Platform API Specification"/>
    <property name="java.awt.graphicsenv" value="sun.awt.CGraphicsEnvironment"/>
    <property name="surefire.real.class.path" value="/Users/mounikabodicherla/Documents/workspace/TourRadar/target/surefire/surefirebooter2642465607865370873.jar"/>
    <property name="sun.boot.class.path" value="/Library/Java/JavaVirtualMachines/jdk1.8.0_311.jdk/Contents/Home/jre/lib/resources.jar:/Library/Java/JavaVirtualMachines/jdk1.8.0_311.jdk/Contents/Home/jre/lib/rt.jar:/Library/Java/JavaVirtualMachines/jdk1.8.0_311.jdk/Contents/Home/jre/lib/sunrsasign.jar:/Library/Java/JavaVirtualMachines/jdk1.8.0_311.jdk/Contents/Home/jre/lib/jsse.jar:/Library/Java/JavaVirtualMachines/jdk1.8.0_311.jdk/Contents/Home/jre/lib/jce.jar:/Library/Java/JavaVirtualMachines/jdk1.8.0_311.jdk/Contents/Home/jre/lib/charsets.jar:/Library/Java/JavaVirtualMachines/jdk1.8.0_311.jdk/Contents/Home/jre/lib/jfr.jar:/Library/Java/JavaVirtualMachines/jdk1.8.0_311.jdk/Contents/Home/jre/classes"/>
    <property name="sun.management.compiler" value="HotSpot 64-Bit Tiered Compilers"/>
    <property name="ftp.nonProxyHosts" value="local|*.local|169.254/16|*.169.254/16"/>
    <property name="java.runtime.version" value="1.8.0_311-b11"/>
    <property name="user.name" value="mounikabodicherla"/>
    <property name="path.separator" value=":"/>
    <property name="os.version" value="10.16"/>
    <property name="java.endorsed.dirs" value="/Library/Java/JavaVirtualMachines/jdk1.8.0_311.jdk/Contents/Home/jre/lib/endorsed"/>
    <property name="java.runtime.name" value="Java(TM) SE Runtime Environment"/>
    <property name="file.encoding" value="UTF-8"/>
    <property name="java.vm.name" value="Java HotSpot(TM) 64-Bit Server VM"/>
    <property name="localRepository" value="/Users/mounikabodicherla/.m2/repository"/>
    <property name="java.vendor.url.bug" value="http://bugreport.sun.com/bugreport/"/>
    <property name="java.io.tmpdir" value="/var/folders/bt/k_mm1zdn34g_4fqr321r59lw0000gp/T/"/>
    <property name="java.version" value="1.8.0_311"/>
    <property name="user.dir" value="/Users/mounikabodicherla/Documents/workspace/TourRadar"/>
    <property name="os.arch" value="x86_64"/>
    <property name="webdriver.gecko.driver" value="/Users/mounikabodicherla/.cache/selenium/geckodriver/mac64/0.30.0/geckodriver"/>
    <property name="java.vm.specification.name" value="Java Virtual Machine Specification"/>
    <property name="java.awt.printerjob" value="sun.lwawt.macosx.CPrinterJob"/>
    <property name="sun.os.patch.level" value="unknown"/>
    <property name="java.library.path" value="/Users/mounikabodicherla/Library/Java/Extensions:/Library/Java/Extensions:/Network/Library/Java/Extensions:/System/Library/Java/Extensions:/usr/lib/java:."/>
    <property name="java.vm.info" value="mixed mode"/>
    <property name="java.vendor" value="Oracle Corporation"/>
    <property name="java.vm.version" value="25.311-b11"/>
    <property name="java.ext.dirs" value="/Users/mounikabodicherla/Library/Java/Extensions:/Library/Java/JavaVirtualMachines/jdk1.8.0_311.jdk/Contents/Home/jre/lib/ext:/Library/Java/Extensions:/Network/Library/Java/Extensions:/System/Library/Java/Extensions:/usr/lib/java"/>
    <property name="sun.io.unicode.encoding" value="UnicodeBig"/>
    <property name="java.class.version" value="52.0"/>
    <property name="socksNonProxyHosts" value="local|*.local|169.254/16|*.169.254/16"/>
  </properties>
  <testcase name="travellerLogin" classname="TourRadar.TourRadar.TestCases" time="32.467">
    <system-out><![CDATA[[Configuration] [WARN] Detected a static method [TourRadar.TourRadar.base.runCapabilities()]. Static configuration methods can cause  unexpected behavior.
[Configuration] [WARN] Detected a static method [TourRadar.TourRadar.base.tear()]. Static configuration methods can cause  unexpected behavior.
[Configuration] [WARN] Detected a static method [TourRadar.TourRadar.base.runCapabilities()]. Static configuration methods can cause  unexpected behavior.
[Configuration] [WARN] Detected a static method [TourRadar.TourRadar.base.tear()]. Static configuration methods can cause  unexpected behavior.
Running on chrome browser
<li class="autocomplete-item" data-url="d/europe" data-url-alternative="" data-type="Continent"><div>Europe</div><span>Continent</span></li><li class="autocomplete-item" data-url="d/india" data-url-alternative="" data-type="Country"><div>India</div><span>Country</span></li><li class="autocomplete-item" data-url="d/iceland" data-url-alternative="srp/d-iceland" data-type="Country"><div>Iceland</div><span>Country</span></li><li class="autocomplete-item" data-url="d/asia" data-url-alternative="" data-type="Continent"><div>Asia</div><span>Continent</span></li><li class="autocomplete-item" data-url="d/japan" data-url-alternative="" data-type="Country"><div>Japan</div><span>Country</span></li><li class="autocomplete-item" data-url="d/new-zealand" data-url-alternative="srp/d-new-zealand" data-type="Country"><div>New Zealand</div><span>Country</span></li><li class="autocomplete-item" data-url="d/morocco" data-url-alternative="" data-type="Country"><div>Morocco</div><span>Country</span></li>
Selected: India
Country
]]></system-out>
    <system-err><![CDATA[[main] INFO io.github.bonigarcia.wdm.WebDriverManager - Using chromedriver 99.0.4844.51 (resolved driver for Chrome 99)
[main] INFO io.github.bonigarcia.wdm.WebDriverManager - Exporting webdriver.chrome.driver as /Users/mounikabodicherla/.cache/selenium/chromedriver/mac64/99.0.4844.51/chromedriver
Starting ChromeDriver 99.0.4844.51 (d537ec02474b5afe23684e7963d538896c63ac77-refs/branch-heads/4844@{#875}) on port 10750
Only local connections are allowed.
Please see https://chromedriver.chromium.org/security-considerations for suggestions on keeping ChromeDriver safe.
ChromeDriver was started successfully.
Apr 04, 2022 8:02:44 AM org.openqa.selenium.remote.ProtocolHandshake createSession
INFO: Detected dialect: W3C
]]></system-err>
  </testcase>
  <testcase name="travellerLogin" classname="TourRadar.TourRadar.TestCases" time="32.318">
    <system-out><![CDATA[Running on firefox browser
<li class="autocomplete-item" data-url="d/europe" data-url-alternative="" data-type="Continent"><div>Europe</div><span>Continent</span></li><li class="autocomplete-item" data-url="d/india" data-url-alternative="" data-type="Country"><div>India</div><span>Country</span></li><li class="autocomplete-item" data-url="d/iceland" data-url-alternative="srp/d-iceland" data-type="Country"><div>Iceland</div><span>Country</span></li><li class="autocomplete-item" data-url="d/asia" data-url-alternative="" data-type="Continent"><div>Asia</div><span>Continent</span></li><li class="autocomplete-item" data-url="d/japan" data-url-alternative="" data-type="Country"><div>Japan</div><span>Country</span></li><li class="autocomplete-item" data-url="d/new-zealand" data-url-alternative="srp/d-new-zealand" data-type="Country"><div>New Zealand</div><span>Country</span></li><li class="autocomplete-item" data-url="d/morocco" data-url-alternative="" data-type="Country"><div>Morocco</div><span>Country</span></li>
Selected: India
Country
]]></system-out>
    <system-err><![CDATA[[main] INFO io.github.bonigarcia.wdm.WebDriverManager - Using geckodriver 0.30.0 (resolved driver for Firefox 93)
[main] INFO io.github.bonigarcia.wdm.WebDriverManager - Exporting webdriver.gecko.driver as /Users/mounikabodicherla/.cache/selenium/geckodriver/mac64/0.30.0/geckodriver
1649039603449	geckodriver	INFO	Listening on 127.0.0.1:30069
1649039603462	mozrunner::runner	INFO	Running command: "/Applications/Firefox.app/Contents/MacOS/firefox-bin" "--marionette" "-foreground" "-no-remote" "-profile" "/var/folders/bt/k_mm1zdn34g_4fqr321r59lw0000gp/T/rust_mozprofilewlmbFR"
1649039604040	Marionette	INFO	Marionette enabled
2022-04-04 08:03:24.782 firefox-bin[12547:719304] Warning: Expected min height of view: (<NSButton: 0x11d25f800>) to be less than or equal to 30 but got a height of 32.000000. This error will be logged once per view in violation.
2022-04-04 08:03:24.782 firefox-bin[12547:719304] Warning: Expected min height of view: (<NSButton: 0x124951400>) to be less than or equal to 30 but got a height of 32.000000. This error will be logged once per view in violation.
2022-04-04 08:03:24.783 firefox-bin[12547:719304] Warning: Expected min height of view: (<NSButton: 0x124952800>) to be less than or equal to 30 but got a height of 32.000000. This error will be logged once per view in violation.
2022-04-04 08:03:24.784 firefox-bin[12547:719304] Warning: Expected min height of view: (<NSButton: 0x124956800>) to be less than or equal to 30 but got a height of 32.000000. This error will be logged once per view in violation.
2022-04-04 08:03:24.784 firefox-bin[12547:719304] Warning: Expected min height of view: (<NSButton: 0x124951800>) to be less than or equal to 30 but got a height of 32.000000. This error will be logged once per view in violation.
2022-04-04 08:03:24.785 firefox-bin[12547:719304] Warning: Expected min height of view: (<NSPopoverTouchBarItemButton: 0x124952400>) to be less than or equal to 30 but got a height of 32.000000. This error will be logged once per view in violation.
2022-04-04 08:03:24.786 firefox-bin[12547:719304] Warning: Expected min height of view: (<NSPopoverTouchBarItemButton: 0x12499ec00>) to be less than or equal to 30 but got a height of 32.000000. This error will be logged once per view in violation.
console.warn: SearchSettings: "get: No settings file exists, new profile?" (new NotFoundError("Could not open the file at /var/folders/bt/k_mm1zdn34g_4fqr321r59lw0000gp/T/rust_mozprofilewlmbFR/search.json.mozlz4", (void 0)))
console.error: BackgroundUpdate: 
  _reasonsToNotScheduleUpdates: Failed to check for Maintenance Service Registry Key: [Exception... "Component returned failure code: 0x80004001 (NS_ERROR_NOT_IMPLEMENTED) [nsIUpdateProcessor.getServiceRegKeyExists]"  nsresult: "0x80004001 (NS_ERROR_NOT_IMPLEMENTED)"  location: "JS frame :: resource://gre/modules/BackgroundUpdate.jsm :: _reasonsToNotScheduleUpdates :: line 243"  data: no]
1649039605919	Marionette	INFO	Listening on port 56828
1649039605950	RemoteAgent	WARN	TLS certificate errors will be ignored for this session
Apr 04, 2022 8:03:25 AM org.openqa.selenium.remote.ProtocolHandshake createSession
INFO: Detected dialect: W3C
]]></system-err>
  </testcase>
</testsuite>