<?xml version="1.0" encoding="UTF-8"?>
<!-- Generated by org.testng.reporters.JUnitReportReporter -->
<testsuite skipped="0" hostname="281AMBBLR-Mounika-Bodicherla.local" name="TourRadar.TourRadar.TestCases" tests="2" failures="0" timestamp="2022-04-04T08:04:06 IST" time="74.650" errors="0">
  <testcase name="travellerLogin" time="38.023" classname="TourRadar.TourRadar.TestCases"/>
  <system-out/>
  <testcase name="travellerLogin" time="36.627" classname="TourRadar.TourRadar.TestCases"/>
  <system-out/>
</testsuite> <!-- TourRadar.TourRadar.TestCases -->
